{"/home/fetux/Desktop/nodejs_app/src/server.js": {"path":"/home/fetux/Desktop/nodejs_app/src/server.js","statementMap":{"0":{"start":{"line":2,"column":16},"end":{"line":2,"column":34}},"1":{"start":{"line":3,"column":13},"end":{"line":3,"column":28}},"2":{"start":{"line":4,"column":15},"end":{"line":4,"column":32}},"3":{"start":{"line":5,"column":17},"end":{"line":5,"column":34}},"4":{"start":{"line":6,"column":0},"end":{"line":6,"column":9}},"5":{"start":{"line":12,"column":4},"end":{"line":12,"column":19}},"6":{"start":{"line":13,"column":4},"end":{"line":13,"column":31}},"7":{"start":{"line":14,"column":4},"end":{"line":14,"column":26}},"8":{"start":{"line":15,"column":4},"end":{"line":15,"column":20}},"9":{"start":{"line":16,"column":4},"end":{"line":16,"column":36}},"10":{"start":{"line":20,"column":4},"end":{"line":20,"column":20}},"11":{"start":{"line":24,"column":4},"end":{"line":24,"column":20}},"12":{"start":{"line":25,"column":4},"end":{"line":25,"column":28}},"13":{"start":{"line":26,"column":4},"end":{"line":26,"column":26}},"14":{"start":{"line":30,"column":23},"end":{"line":30,"column":55}},"15":{"start":{"line":31,"column":4},"end":{"line":36,"column":5}},"16":{"start":{"line":32,"column":6},"end":{"line":32,"column":38}},"17":{"start":{"line":33,"column":6},"end":{"line":33,"column":76}},"18":{"start":{"line":35,"column":6},"end":{"line":35,"column":86}},"19":{"start":{"line":40,"column":22},"end":{"line":40,"column":41}},"20":{"start":{"line":41,"column":4},"end":{"line":41,"column":23}},"21":{"start":{"line":46,"column":17},"end":{"line":46,"column":46}},"22":{"start":{"line":47,"column":17},"end":{"line":47,"column":53}},"23":{"start":{"line":48,"column":4},"end":{"line":48,"column":86}},"24":{"start":{"line":48,"column":27},"end":{"line":48,"column":84}},"25":{"start":{"line":53,"column":0},"end":{"line":53,"column":28}}},"fnMap":{"0":{"name":"(anonymous_0)","decl":{"start":{"line":11,"column":2},"end":{"line":11,"column":3}},"loc":{"start":{"line":11,"column":31},"end":{"line":17,"column":3}},"line":11},"1":{"name":"(anonymous_1)","decl":{"start":{"line":19,"column":2},"end":{"line":19,"column":3}},"loc":{"start":{"line":19,"column":11},"end":{"line":21,"column":3}},"line":19},"2":{"name":"(anonymous_2)","decl":{"start":{"line":23,"column":2},"end":{"line":23,"column":3}},"loc":{"start":{"line":23,"column":25},"end":{"line":27,"column":3}},"line":23},"3":{"name":"(anonymous_3)","decl":{"start":{"line":29,"column":2},"end":{"line":29,"column":3}},"loc":{"start":{"line":29,"column":19},"end":{"line":37,"column":3}},"line":29},"4":{"name":"(anonymous_4)","decl":{"start":{"line":39,"column":2},"end":{"line":39,"column":3}},"loc":{"start":{"line":39,"column":20},"end":{"line":43,"column":3}},"line":39},"5":{"name":"(anonymous_5)","decl":{"start":{"line":45,"column":2},"end":{"line":45,"column":3}},"loc":{"start":{"line":45,"column":30},"end":{"line":49,"column":3}},"line":45},"6":{"name":"(anonymous_6)","decl":{"start":{"line":48,"column":21},"end":{"line":48,"column":22}},"loc":{"start":{"line":48,"column":27},"end":{"line":48,"column":84}},"line":48}},"branchMap":{"0":{"loc":{"start":{"line":11,"column":14},"end":{"line":11,"column":29}},"type":"default-arg","locations":[{"start":{"line":11,"column":20},"end":{"line":11,"column":29}}],"line":11},"1":{"loc":{"start":{"line":46,"column":17},"end":{"line":46,"column":46}},"type":"binary-expr","locations":[{"start":{"line":46,"column":17},"end":{"line":46,"column":38}},{"start":{"line":46,"column":42},"end":{"line":46,"column":46}}],"line":46},"2":{"loc":{"start":{"line":47,"column":17},"end":{"line":47,"column":53}},"type":"binary-expr","locations":[{"start":{"line":47,"column":17},"end":{"line":47,"column":38}},{"start":{"line":47,"column":42},"end":{"line":47,"column":53}}],"line":47}},"s":{"0":1,"1":1,"2":1,"3":1,"4":1,"5":1,"6":1,"7":1,"8":1,"9":1,"10":1,"11":1,"12":1,"13":1,"14":1,"15":1,"16":1,"17":0,"18":0,"19":1,"20":1,"21":1,"22":1,"23":1,"24":1,"25":1},"f":{"0":1,"1":1,"2":1,"3":1,"4":1,"5":1,"6":1},"b":{"0":[1],"1":[1,0],"2":[1,0]},"_coverageSchema":"1a1c01bbd47fc00a2c39e90264f33305004495a9","hash":"6d3259a8aab6f4241146578bafad5b3999602e38"}
,"/home/fetux/Desktop/nodejs_app/src/config/database.config.js": {"path":"/home/fetux/Desktop/nodejs_app/src/config/database.config.js","statementMap":{"0":{"start":{"line":1,"column":19},"end":{"line":1,"column":36}},"1":{"start":{"line":2,"column":0},"end":{"line":2,"column":9}},"2":{"start":{"line":3,"column":17},"end":{"line":28,"column":1}},"3":{"start":{"line":31,"column":0},"end":{"line":38,"column":2}}},"fnMap":{},"branchMap":{},"s":{"0":1,"1":1,"2":1,"3":1},"f":{},"b":{},"_coverageSchema":"1a1c01bbd47fc00a2c39e90264f33305004495a9","hash":"34c18e67cfa7797ba6cd36cbc4215d641a872bc8"}
,"/home/fetux/Desktop/nodejs_app/src/controllers/home.js": {"path":"/home/fetux/Desktop/nodejs_app/src/controllers/home.js","statementMap":{"0":{"start":{"line":1,"column":0},"end":{"line":12,"column":2}},"1":{"start":{"line":3,"column":4},"end":{"line":10,"column":7}}},"fnMap":{"0":{"name":"(anonymous_0)","decl":{"start":{"line":2,"column":2},"end":{"line":2,"column":3}},"loc":{"start":{"line":2,"column":24},"end":{"line":11,"column":3}},"line":2}},"branchMap":{},"s":{"0":1,"1":1},"f":{"0":1},"b":{},"_coverageSchema":"1a1c01bbd47fc00a2c39e90264f33305004495a9","hash":"1977ccd322c166c61826fd36f5850436f6fbbffc"}
,"/home/fetux/Desktop/nodejs_app/src/database/connection.js": {"path":"/home/fetux/Desktop/nodejs_app/src/database/connection.js","statementMap":{"0":{"start":{"line":1,"column":18},"end":{"line":1,"column":38}},"1":{"start":{"line":2,"column":19},"end":{"line":2,"column":55}},"2":{"start":{"line":3,"column":15},"end":{"line":3,"column":47}},"3":{"start":{"line":4,"column":19},"end":{"line":4,"column":40}},"4":{"start":{"line":6,"column":0},"end":{"line":6,"column":28}}},"fnMap":{},"branchMap":{},"s":{"0":1,"1":1,"2":1,"3":1,"4":1},"f":{},"b":{},"_coverageSchema":"1a1c01bbd47fc00a2c39e90264f33305004495a9","hash":"307d88baa9f141bc4dbcf1e231b6bb56d2e7e2fd"}
,"/home/fetux/Desktop/nodejs_app/src/routes/index.js": {"path":"/home/fetux/Desktop/nodejs_app/src/routes/index.js","statementMap":{"0":{"start":{"line":1,"column":15},"end":{"line":1,"column":42}},"1":{"start":{"line":2,"column":19},"end":{"line":2,"column":39}},"2":{"start":{"line":4,"column":0},"end":{"line":4,"column":24}},"3":{"start":{"line":6,"column":0},"end":{"line":6,"column":23}}},"fnMap":{},"branchMap":{},"s":{"0":1,"1":1,"2":1,"3":1},"f":{},"b":{},"_coverageSchema":"1a1c01bbd47fc00a2c39e90264f33305004495a9","hash":"3c5feacbeb10eed311a61a25e016e58028f8dc7b"}
,"/home/fetux/Desktop/nodejs_app/src/routes/v1/home.js": {"path":"/home/fetux/Desktop/nodejs_app/src/routes/v1/home.js","statementMap":{"0":{"start":{"line":1,"column":19},"end":{"line":1,"column":46}},"1":{"start":{"line":2,"column":18},"end":{"line":2,"column":54}},"2":{"start":{"line":4,"column":0},"end":{"line":4,"column":28}},"3":{"start":{"line":6,"column":0},"end":{"line":6,"column":28}}},"fnMap":{},"branchMap":{},"s":{"0":1,"1":1,"2":1,"3":1},"f":{},"b":{},"_coverageSchema":"1a1c01bbd47fc00a2c39e90264f33305004495a9","hash":"bc838dc38f643f12deff2b4e0daa454d65b4eb87"}
}
